<?xml version="1.0" encoding="UTF-8"?>
<testsuite xmlns:xsi="http://www.w3.org/2001/XMLSchema-instance" xsi:noNamespaceSchemaLocation="https://maven.apache.org/surefire/maven-surefire-plugin/xsd/surefire-test-report-3.0.xsd" version="3.0" name="test.java.postman.ImageTests" time="5.449" tests="2" errors="0" skipped="0" failures="0">
  <properties>
[...]
</properties>
  <testcase name="uploadFileTest" classname="test.java.postman.ImageTests" time="2.44">
    <system-out><![CDATA[HTTP/1.1 200 OK
Connection: close
Content-Length: 336
Access-Control-Allow-Headers: Authorization, Content-Type, Accept, X-Mashape-Authorization, IMGURPLATFORM, IMGURUIDJAFO, SESSIONCOUNT, IMGURMWBETA, IMGURMWBETAOPTIN
Access-Control-Allow-Methods: GET, PUT, POST, DELETE, OPTIONS
Access-Control-Allow-Origin: *
Access-Control-Expose-Headers: X-RateLimit-ClientLimit, X-RateLimit-ClientRemaining, X-RateLimit-UserLimit, X-RateLimit-UserRemaining, X-RateLimit-UserReset, Geo-City, Geo-Region, Geo-Metro-Code, Geo-Country-Code
Cache-Control: no-store, no-cache, must-revalidate, post-check=0, pre-check=0
Content-Encoding: gzip
Content-Type: application/json
Date: Wed, 10 Nov 2021 21:05:52 GMT
ETag: W/"b8473fe12d88b37a4b49b560883623b4bc6f871e"
Expires: Thu, 19 Nov 1981 08:52:00 GMT
Pragma: no-cache
Server: nginx
Set-Cookie: IMGURSESSION=798b8ab08da305fd80397fbd1d990094; path=/; domain=.imgur.com; secure; HttpOnly
Set-Cookie: _nc=1; path=/; domain=.imgur.com; HttpOnly
Vary: Accept-Encoding
X-origin-ip: 172.16.1.116
X-Post-Rate-Limit-Limit: 1250
X-Post-Rate-Limit-Remaining: 1250
X-Post-Rate-Limit-Reset: -2
X-RateLimit-ClientLimit: 12500
X-RateLimit-ClientRemaining: 12492
X-RateLimit-UserLimit: 2000
X-RateLimit-UserRemaining: 1967
X-RateLimit-UserReset: 1636580028

{
    "data": {
        "id": "aahgR5H",
        "title": null,
        "description": null,
        "datetime": 1636578352,
        "type": "image/jpeg",
        "animated": false,
        "width": 1080,
        "height": 1291,
        "size": 174902,
        "views": 0,
        "bandwidth": 0,
        "vote": null,
        "favorite": false,
        "nsfw": null,
        "section": null,
        "account_url": null,
        "account_id": 145270851,
        "is_ad": false,
        "in_most_viral": false,
        "has_sound": false,
        "tags": [
            
        ],
        "ad_type": 0,
        "ad_url": "",
        "edited": "0",
        "in_gallery": false,
        "deletehash": "4SW0NyIE1nfURkN",
        "name": "",
        "link": "https://i.imgur.com/aahgR5H.jpg"
    },
    "success": true,
    "status": 200
}
HTTP/1.1 200 OK
Connection: keep-alive
Content-Type: application/json
Access-Control-Expose-Headers: X-RateLimit-ClientLimit, X-RateLimit-ClientRemaining, X-RateLimit-UserLimit, X-RateLimit-UserRemaining, X-RateLimit-UserReset, Geo-City, Geo-Region, Geo-Metro-Code, Geo-Country-Code
X-RateLimit-ClientLimit: 12500
X-RateLimit-ClientRemaining: 12491
X-RateLimit-UserLimit: 2000
X-RateLimit-UserRemaining: 1966
X-RateLimit-UserReset: 1636580028
ETag: W/"4a931e85c4c3e49f1fb921656d64b65510e32928"
Cache-Control: no-store, no-cache, must-revalidate, post-check=0, pre-check=0
Content-Encoding: gzip
Accept-Ranges: bytes
Date: Wed, 10 Nov 2021 21:05:53 GMT
X-Served-By: cache-bma1646-BMA
X-Cache: MISS
X-Cache-Hits: 0
X-Timer: S1636578353.738859,VS0,VE759
Vary: Accept-Encoding
access-control-allow-methods: GET, PUT, POST, PATCH, DELETE, OPTIONS
Server: cat factory 1.0
Access-Control-Allow-Origin: *
Access-Control-Allow-Credentials: true
X-Frame-Options: DENY
Access-Control-Allow-Headers: Authorization, Content-Type, Accept, X-Mashape-Authorization, IMGURPLATFORM, IMGURUIDJAFO, sessionCount, IMGURMWBETA, IMGURMWBETAOPTIN, X-expSNKPK127, X-Imgur-Defender-Bypass
transfer-encoding: chunked

{
    "data": true,
    "success": true,
    "status": 200
}
]]></system-out>
  </testcase>
  <testcase name="uploadFileImageTest" classname="test.java.postman.ImageTests" time="3.005">
    <system-out><![CDATA[HTTP/1.1 200 OK
Connection: close
Content-Length: 344
Date: Wed, 10 Nov 2021 21:05:55 GMT
Content-Type: application/json; charset=utf-8
Content-Encoding: gzip
X-Post-Rate-Limit-Limit: 1250
X-Post-Rate-Limit-Remaining: 1249
X-Post-Rate-Limit-Reset: 3598
X-Ratelimit-Clientlimit: 12500
X-Ratelimit-Clientremaining: 12496
X-Ratelimit-Clientreset: 79112
X-Ratelimit-Userlimit: 2000
X-Ratelimit-Userremaining: 1862
X-Ratelimit-Userreset: 3600

{
    "status": 200,
    "success": true,
    "data": {
        "id": "KYdk8pO",
        "deletehash": "7TdehJhaMvf5luO",
        "account_id": 145270851,
        "account_url": "testprogmath",
        "ad_type": null,
        "ad_url": null,
        "title": null,
        "description": null,
        "name": "",
        "type": "image/jpeg",
        "width": 1080,
        "height": 1291,
        "size": 169200,
        "views": 0,
        "section": null,
        "vote": null,
        "bandwidth": 0,
        "animated": false,
        "favorite": false,
        "in_gallery": false,
        "in_most_viral": false,
        "has_sound": false,
        "is_ad": false,
        "nsfw": null,
        "link": "https://i.imgur.com/KYdk8pO.jpeg",
        "tags": [
            
        ],
        "datetime": 1636578355,
        "mp4": "",
        "hls": ""
    }
}
HTTP/1.1 200 OK
Connection: keep-alive
Content-Type: application/json
Access-Control-Expose-Headers: X-RateLimit-ClientLimit, X-RateLimit-ClientRemaining, X-RateLimit-UserLimit, X-RateLimit-UserRemaining, X-RateLimit-UserReset, Geo-City, Geo-Region, Geo-Metro-Code, Geo-Country-Code
X-RateLimit-ClientLimit: 12500
X-RateLimit-ClientRemaining: 12490
X-RateLimit-UserLimit: 2000
X-RateLimit-UserRemaining: 1965
X-RateLimit-UserReset: 1636580028
ETag: W/"4a931e85c4c3e49f1fb921656d64b65510e32928"
Cache-Control: no-store, no-cache, must-revalidate, post-check=0, pre-check=0
Content-Encoding: gzip
Accept-Ranges: bytes
Date: Wed, 10 Nov 2021 21:05:56 GMT
X-Served-By: cache-bma1631-BMA
X-Cache: MISS
X-Cache-Hits: 0
X-Timer: S1636578356.893217,VS0,VE619
Vary: Accept-Encoding
access-control-allow-methods: GET, PUT, POST, PATCH, DELETE, OPTIONS
Server: cat factory 1.0
Access-Control-Allow-Origin: *
Access-Control-Allow-Credentials: true
X-Frame-Options: DENY
Access-Control-Allow-Headers: Authorization, Content-Type, Accept, X-Mashape-Authorization, IMGURPLATFORM, IMGURUIDJAFO, sessionCount, IMGURMWBETA, IMGURMWBETAOPTIN, X-expSNKPK127, X-Imgur-Defender-Bypass
transfer-encoding: chunked

{
    "data": true,
    "success": true,
    "status": 200
}
]]></system-out>
  </testcase>
</testsuite>