<?xml version="1.0" encoding="UTF-8"?>
<testsuite xmlns:xsi="http://www.w3.org/2001/XMLSchema-instance" xsi:noNamespaceSchemaLocation="https://maven.apache.org/surefire/maven-surefire-plugin/xsd/surefire-test-report-3.0.xsd" version="3.0" name="test.java.postman.AccountTests" time="4.58" tests="4" errors="0" skipped="0" failures="0">
  <properties>
[...]
</properties>
  <testcase name="getAccountInfoWithAssertionsInGivenTest" classname="test.java.postman.AccountTests" time="2.548">
    <system-out><![CDATA[Request method:	GET
Request URI:	https://api.imgur.com/3/account/AnnaSmotrova
HTTP/1.1 200 OK
Connection: keep-alive
Content-Type: application/json
Access-Control-Expose-Headers: X-RateLimit-ClientLimit, X-RateLimit-ClientRemaining, X-RateLimit-UserLimit, X-RateLimit-UserRemaining, X-RateLimit-UserReset, Geo-City, Geo-Region, Geo-Metro-Code, Geo-Country-Code
X-RateLimit-ClientLimit: 12500
X-RateLimit-ClientRemaining: 12496
X-RateLimit-UserLimit: 2000
X-RateLimit-UserRemaining: 1971
X-RateLimit-UserReset: 1636580028
ETag: W/"eb75c2746e89eee2bb43baee2f8e837d21051ac8"
Cache-Control: no-store, no-cache, must-revalidate, post-check=0, pre-check=0
Content-Encoding: gzip
Accept-Ranges: bytes
Date: Wed, 10 Nov 2021 21:05:48 GMT
X-Served-By: cache-bma1637-BMA
X-Cache: MISS
X-Cache-Hits: 0
X-Timer: S1636578349.724917,VS0,VE124
Vary: Accept-Encoding
access-control-allow-methods: GET, PUT, POST, PATCH, DELETE, OPTIONS
Server: cat factory 1.0
Access-Control-Allow-Origin: *
Access-Control-Allow-Credentials: true
X-Frame-Options: DENY
Access-Control-Allow-Headers: Authorization, Content-Type, Accept, X-Mashape-Authorization, IMGURPLATFORM, IMGURUIDJAFO, sessionCount, IMGURMWBETA, IMGURMWBETAOPTIN, X-expSNKPK127, X-Imgur-Defender-Bypass
transfer-encoding: chunked

{
    "data": {
        "id": 84578389,
        "url": "AnnaSmotrova",
        "bio": "system Electronics Handcrafted migration Dakota",
        "avatar": "https://imgur.com/user/AnnaSmotrova/avatar?maxwidth=290",
        "avatar_name": "default/A",
        "cover": "https://imgur.com/user/AnnaSmotrova/cover?maxwidth=2560",
        "cover_name": "default/1-space",
        "reputation": 0,
        "reputation_name": "Neutral",
        "created": 1522257832,
        "pro_expiration": false,
        "user_follow": {
            "status": false
        },
        "is_blocked": false
    },
    "success": true,
    "status": 200
}
]]></system-out>
  </testcase>
  <testcase name="getAccountInfoTest" classname="test.java.postman.AccountTests" time="0.388"/>
  <testcase name="getAccountInfoWithLoggingTest" classname="test.java.postman.AccountTests" time="0.552">
    <system-out><![CDATA[Request method:	GET
Request URI:	https://api.imgur.com/3/account/AnnaSmotrova
HTTP/1.1 200 OK
Connection: keep-alive
Content-Type: application/json
Access-Control-Expose-Headers: X-RateLimit-ClientLimit, X-RateLimit-ClientRemaining, X-RateLimit-UserLimit, X-RateLimit-UserRemaining, X-RateLimit-UserReset, Geo-City, Geo-Region, Geo-Metro-Code, Geo-Country-Code
X-RateLimit-ClientLimit: 12500
X-RateLimit-ClientRemaining: 12494
X-RateLimit-UserLimit: 2000
X-RateLimit-UserRemaining: 1969
X-RateLimit-UserReset: 1636580028
ETag: W/"eb75c2746e89eee2bb43baee2f8e837d21051ac8"
Cache-Control: no-store, no-cache, must-revalidate, post-check=0, pre-check=0
Content-Encoding: gzip
Accept-Ranges: bytes
Date: Wed, 10 Nov 2021 21:05:50 GMT
X-Served-By: cache-bma1656-BMA
X-Cache: MISS
X-Cache-Hits: 0
X-Timer: S1636578350.140978,VS0,VE314
Vary: Accept-Encoding
access-control-allow-methods: GET, PUT, POST, PATCH, DELETE, OPTIONS
Server: cat factory 1.0
Access-Control-Allow-Origin: *
Access-Control-Allow-Credentials: true
X-Frame-Options: DENY
Access-Control-Allow-Headers: Authorization, Content-Type, Accept, X-Mashape-Authorization, IMGURPLATFORM, IMGURUIDJAFO, sessionCount, IMGURMWBETA, IMGURMWBETAOPTIN, X-expSNKPK127, X-Imgur-Defender-Bypass
transfer-encoding: chunked

{
    "data": {
        "id": 84578389,
        "url": "AnnaSmotrova",
        "bio": "system Electronics Handcrafted migration Dakota",
        "avatar": "https://imgur.com/user/AnnaSmotrova/avatar?maxwidth=290",
        "avatar_name": "default/A",
        "cover": "https://imgur.com/user/AnnaSmotrova/cover?maxwidth=2560",
        "cover_name": "default/1-space",
        "reputation": 0,
        "reputation_name": "Neutral",
        "created": 1522257832,
        "pro_expiration": false,
        "user_follow": {
            "status": false
        },
        "is_blocked": false
    },
    "success": true,
    "status": 200
}
]]></system-out>
  </testcase>
  <testcase name="getAccountInfoWithAssertionsAfterTest" classname="test.java.postman.AccountTests" time="0.599">
    <system-out><![CDATA[Request method:	GET
Request URI:	https://api.imgur.com/3/account/AnnaSmotrova
HTTP/1.1 200 OK
Connection: keep-alive
Content-Type: application/json
Access-Control-Expose-Headers: X-RateLimit-ClientLimit, X-RateLimit-ClientRemaining, X-RateLimit-UserLimit, X-RateLimit-UserRemaining, X-RateLimit-UserReset, Geo-City, Geo-Region, Geo-Metro-Code, Geo-Country-Code
X-RateLimit-ClientLimit: 12500
X-RateLimit-ClientRemaining: 12493
X-RateLimit-UserLimit: 2000
X-RateLimit-UserRemaining: 1968
X-RateLimit-UserReset: 1636580028
ETag: W/"eb75c2746e89eee2bb43baee2f8e837d21051ac8"
Cache-Control: no-store, no-cache, must-revalidate, post-check=0, pre-check=0
Content-Encoding: gzip
Accept-Ranges: bytes
Date: Wed, 10 Nov 2021 21:05:51 GMT
X-Served-By: cache-bma1654-BMA
X-Cache: MISS
X-Cache-Hits: 0
X-Timer: S1636578351.914276,VS0,VE131
Vary: Accept-Encoding
access-control-allow-methods: GET, PUT, POST, PATCH, DELETE, OPTIONS
Server: cat factory 1.0
Access-Control-Allow-Origin: *
Access-Control-Allow-Credentials: true
X-Frame-Options: DENY
Access-Control-Allow-Headers: Authorization, Content-Type, Accept, X-Mashape-Authorization, IMGURPLATFORM, IMGURUIDJAFO, sessionCount, IMGURMWBETA, IMGURMWBETAOPTIN, X-expSNKPK127, X-Imgur-Defender-Bypass
transfer-encoding: chunked

{
    "data": {
        "id": 84578389,
        "url": "AnnaSmotrova",
        "bio": "system Electronics Handcrafted migration Dakota",
        "avatar": "https://imgur.com/user/AnnaSmotrova/avatar?maxwidth=290",
        "avatar_name": "default/A",
        "cover": "https://imgur.com/user/AnnaSmotrova/cover?maxwidth=2560",
        "cover_name": "default/1-space",
        "reputation": 0,
        "reputation_name": "Neutral",
        "created": 1522257832,
        "pro_expiration": false,
        "user_follow": {
            "status": false
        },
        "is_blocked": false
    },
    "success": true,
    "status": 200
}
]]></system-out>
  </testcase>
</testsuite>